<?xml version="1.0" encoding="UTF-8"?>
<testsuite xmlns:xsi="http://www.w3.org/2001/XMLSchema-instance" xsi:noNamespaceSchemaLocation="https://maven.apache.org/surefire/maven-surefire-plugin/xsd/surefire-test-report.xsd" name="com.bootcamp.DemoHamcrestTest" time="0.005" tests="4" errors="0" skipped="0" failures="0">
  <properties>
[...]
</properties>
  <testcase name="testArray" classname="com.bootcamp.DemoHamcrestTest" time="0.002"/>
  <testcase name="testList" classname="com.bootcamp.DemoHamcrestTest" time="0.001"/>
  <testcase name="test" classname="com.bootcamp.DemoHamcrestTest" time="0.001"/>
  <testcase name="TestPolymorphism" classname="com.bootcamp.DemoHamcrestTest" time="0"/>
</testsuite>